Added Pin To Net: NetName=Y8-1 Pin=P7-1
Added Pin To Net: NetName=Y8-2 Pin=P7-2
Added Pin To Net: NetName=Y8-3 Pin=P7-3
Added Pin To Net: NetName=Y8-4 Pin=P7-4
Added Pin To Net: NetName=Z8-1 Pin=P8-1
Added Pin To Net: NetName=Z8-2 Pin=P8-2
Added Pin To Net: NetName=Z8-3 Pin=P8-3
Added Pin To Net: NetName=Z8-4 Pin=P8-4
Added Pin To Net: NetName=E8-1 Pin=P9-1
Added Pin To Net: NetName=E8-2 Pin=P9-2
Added Pin To Net: NetName=E8-3 Pin=P9-3
Added Pin To Net: NetName=E8-4 Pin=P9-4
Added Pin To Net: NetName=+3V3 Pin=P18-1
Added Pin To Net: NetName=Y-M0 Pin=P18-2
Added Pin To Net: NetName=+3V3 Pin=P19-1
Added Pin To Net: NetName=Y-M1 Pin=P19-2
Added Pin To Net: NetName=+3V3 Pin=P20-1
Added Pin To Net: NetName=Y-M2 Pin=P20-2
Added Pin To Net: NetName=+3V3 Pin=P21-1
Added Pin To Net: NetName=Z-M0 Pin=P21-2
Added Pin To Net: NetName=+3V3 Pin=P22-1
Added Pin To Net: NetName=Z-M1 Pin=P22-2
Added Pin To Net: NetName=+3V3 Pin=P23-1
Added Pin To Net: NetName=Z-M2 Pin=P23-2
Added Pin To Net: NetName=+3V3 Pin=P24-1
Added Pin To Net: NetName=E-M0 Pin=P24-2
Added Pin To Net: NetName=+3V3 Pin=P25-1
Added Pin To Net: NetName=E-M1 Pin=P25-2
Added Pin To Net: NetName=+3V3 Pin=P26-1
Added Pin To Net: NetName=E-M2 Pin=P26-2
Added Pin To Net: NetName=Y8-1 Pin=U2-A1
Added Pin To Net: NetName=Y8-2 Pin=U2-A2
Added Pin To Net: NetName=Y8-3 Pin=U2-B1
Added Pin To Net: NetName=Y8-4 Pin=U2-B2
Added Pin To Net: NetName=Y-DIR Pin=U2-DIR
Added Pin To Net: NetName=E-EN Pin=U2-ENABLE
Added Pin To Net: NetName=GND Pin=U2-GND
Added Pin To Net: NetName=GND Pin=U2-GND
Added Pin To Net: NetName=Y-M0 Pin=U2-M0
Added Pin To Net: NetName=Y-M1 Pin=U2-M1
Added Pin To Net: NetName=Y-M2 Pin=U2-M2
Added Pin To Net: NetName=Y-STEP Pin=U2-STEP
Added Pin To Net: NetName=+12V Pin=U2-VMOT
Added Pin To Net: NetName=Z8-1 Pin=U3-A1
Added Pin To Net: NetName=Z8-2 Pin=U3-A2
Added Pin To Net: NetName=Z8-3 Pin=U3-B1
Added Pin To Net: NetName=Z8-4 Pin=U3-B2
Added Pin To Net: NetName=Z-DIR Pin=U3-DIR
Added Pin To Net: NetName=E-EN Pin=U3-ENABLE
Added Pin To Net: NetName=GND Pin=U3-GND
Added Pin To Net: NetName=GND Pin=U3-GND
Added Pin To Net: NetName=Z-M0 Pin=U3-M0
Added Pin To Net: NetName=Z-M1 Pin=U3-M1
Added Pin To Net: NetName=Z-M2 Pin=U3-M2
Added Pin To Net: NetName=Z-STEP Pin=U3-STEP
Added Pin To Net: NetName=+12V Pin=U3-VMOT
Added Pin To Net: NetName=E8-1 Pin=U4-A1
Added Pin To Net: NetName=E8-2 Pin=U4-A2
Added Pin To Net: NetName=E8-3 Pin=U4-B1
Added Pin To Net: NetName=E8-4 Pin=U4-B2
Added Pin To Net: NetName=E-DIR Pin=U4-DIR
Added Pin To Net: NetName=E-EN Pin=U4-ENABLE
Added Pin To Net: NetName=GND Pin=U4-GND
Added Pin To Net: NetName=GND Pin=U4-GND
Added Pin To Net: NetName=E-M0 Pin=U4-M0
Added Pin To Net: NetName=E-M1 Pin=U4-M1
Added Pin To Net: NetName=E-M2 Pin=U4-M2
Added Pin To Net: NetName=E-STEP Pin=U4-STEP
Added Pin To Net: NetName=+12V Pin=U4-VMOT
Added Member To Class: ClassName=Connector Member=Component P3 
Added Member To Class: ClassName=Connector Member=Component P4 
Added Member To Class: ClassName=Connector Member=Component P7 B4B-XH-A(LF)(SN)
Added Member To Class: ClassName=Connector Member=Component P8 B4B-XH-A(LF)(SN)
Added Member To Class: ClassName=Connector Member=Component P9 B4B-XH-A(LF)(SN)
Added Member To Class: ClassName=Connector Member=Component P18 Header 2
Added Member To Class: ClassName=Connector Member=Component P19 Header 2
Added Member To Class: ClassName=Connector Member=Component P20 Header 2
Added Member To Class: ClassName=Connector Member=Component P21 Header 2
Added Member To Class: ClassName=Connector Member=Component P22 Header 2
Added Member To Class: ClassName=Connector Member=Component P23 Header 2
Added Member To Class: ClassName=Connector Member=Component P24 Header 2
Added Member To Class: ClassName=Connector Member=Component P25 Header 2
Added Member To Class: ClassName=Connector Member=Component P26 Header 2
Added Member To Class: ClassName=Connector Member=Component U2 DRV8825
Added Member To Class: ClassName=Connector Member=Component U3 DRV8825
Added Member To Class: ClassName=Connector Member=Component U4 DRV8825
Added Room: Name=Connector
