Removed Pin From Net: NetName=GND Pin=C1-1
Removed Pin From Net: NetName=+12V Pin=C2-2
Removed Pin From Net: NetName=GND Pin=C4-1
Removed Pin From Net: NetName=+12V Pin=C4-2
Removed Pin From Net: NetName=GND Pin=C5-1
Removed Pin From Net: NetName=+12V Pin=C5-2
Removed Pin From Net: NetName=GND Pin=C6-1
Removed Pin From Net: NetName=GND Pin=C7-1
Removed Pin From Net: NetName=+12V Pin=C8-2
Removed Pin From Net: NetName=GND Pin=C10-1
Removed Pin From Net: NetName=+12V Pin=C10-2
Removed Pin From Net: NetName=GND Pin=C11-1
Removed Pin From Net: NetName=+12V Pin=C11-2
Removed Pin From Net: NetName=GND Pin=C12-1
Removed Pin From Net: NetName=GND Pin=C13-1
Removed Pin From Net: NetName=+12V Pin=C14-2
Removed Pin From Net: NetName=GND Pin=C16-1
Removed Pin From Net: NetName=+12V Pin=C16-2
Removed Pin From Net: NetName=GND Pin=C17-1
Removed Pin From Net: NetName=+12V Pin=C17-2
Removed Pin From Net: NetName=GND Pin=C18-1
Removed Pin From Net: NetName=GND Pin=C19-1
Removed Pin From Net: NetName=+12V Pin=C20-2
Removed Pin From Net: NetName=GND Pin=C22-1
Removed Pin From Net: NetName=+12V Pin=C22-2
Removed Pin From Net: NetName=GND Pin=C23-1
Removed Pin From Net: NetName=+12V Pin=C23-2
Removed Pin From Net: NetName=GND Pin=C24-1
Removed Pin From Net: NetName=GND Pin=R1-1
Removed Pin From Net: NetName=E-EN Pin=R2-1
Removed Pin From Net: NetName=+3V3 Pin=R2-2
Removed Pin From Net: NetName=GND Pin=R3-2
Removed Pin From Net: NetName=GND Pin=R4-2
Removed Pin From Net: NetName=+3V3 Pin=R5-2
Removed Pin From Net: NetName=GND Pin=R6-1
Removed Pin From Net: NetName=E-EN Pin=R7-1
Removed Pin From Net: NetName=+3V3 Pin=R7-2
Removed Pin From Net: NetName=GND Pin=R8-2
Removed Pin From Net: NetName=GND Pin=R9-2
Removed Pin From Net: NetName=+3V3 Pin=R10-2
Removed Pin From Net: NetName=GND Pin=R11-1
Removed Pin From Net: NetName=E-EN Pin=R12-1
Removed Pin From Net: NetName=+3V3 Pin=R12-2
Removed Pin From Net: NetName=GND Pin=R13-2
Removed Pin From Net: NetName=GND Pin=R14-2
Removed Pin From Net: NetName=+3V3 Pin=R15-2
Removed Pin From Net: NetName=GND Pin=R16-1
Removed Pin From Net: NetName=E-EN Pin=R17-1
Removed Pin From Net: NetName=+3V3 Pin=R17-2
Removed Pin From Net: NetName=GND Pin=R18-2
Removed Pin From Net: NetName=GND Pin=R19-2
Removed Pin From Net: NetName=+3V3 Pin=R20-2
Removed Pin From Net: NetName=X8-1 Pin=U1-1
Removed Pin From Net: NetName=+12V Pin=U1-3
Removed Pin From Net: NetName=E-EN Pin=U1-5
Removed Pin From Net: NetName=GND Pin=U1-6
Removed Pin From Net: NetName=+3V3 Pin=U1-11
Removed Pin From Net: NetName=+3V3 Pin=U1-12
Removed Pin From Net: NetName=X-STEP Pin=U1-17
Removed Pin From Net: NetName=+3V3 Pin=U1-18
Removed Pin From Net: NetName=GND Pin=U1-19
Removed Pin From Net: NetName=X-DIR Pin=U1-20
Removed Pin From Net: NetName=+12V Pin=U1-22
Removed Pin From Net: NetName=X8-4 Pin=U1-24
Removed Pin From Net: NetName=X8-3 Pin=U1-27
Removed Pin From Net: NetName=X8-2 Pin=U1-30
Removed Pin From Net: NetName=GND Pin=U1-33
Removed Pin From Net: NetName=Y8-1 Pin=U2-1
Removed Pin From Net: NetName=+12V Pin=U2-3
Removed Pin From Net: NetName=E-EN Pin=U2-5
Removed Pin From Net: NetName=GND Pin=U2-6
Removed Pin From Net: NetName=+3V3 Pin=U2-11
Removed Pin From Net: NetName=+3V3 Pin=U2-12
Removed Pin From Net: NetName=Y-STEP Pin=U2-17
Removed Pin From Net: NetName=+3V3 Pin=U2-18
Removed Pin From Net: NetName=GND Pin=U2-19
Removed Pin From Net: NetName=Y-DIR Pin=U2-20
Removed Pin From Net: NetName=+12V Pin=U2-22
Removed Pin From Net: NetName=Y8-4 Pin=U2-24
Removed Pin From Net: NetName=Y8-3 Pin=U2-27
Removed Pin From Net: NetName=Y8-2 Pin=U2-30
Removed Pin From Net: NetName=GND Pin=U2-33
Removed Pin From Net: NetName=Z8-1 Pin=U3-1
Removed Pin From Net: NetName=+12V Pin=U3-3
Removed Pin From Net: NetName=E-EN Pin=U3-5
Removed Pin From Net: NetName=GND Pin=U3-6
Removed Pin From Net: NetName=+3V3 Pin=U3-11
Removed Pin From Net: NetName=+3V3 Pin=U3-12
Removed Pin From Net: NetName=Z-STEP Pin=U3-17
Removed Pin From Net: NetName=+3V3 Pin=U3-18
Removed Pin From Net: NetName=GND Pin=U3-19
Removed Pin From Net: NetName=Z-DIR Pin=U3-20
Removed Pin From Net: NetName=+12V Pin=U3-22
Removed Pin From Net: NetName=Z8-4 Pin=U3-24
Removed Pin From Net: NetName=Z8-3 Pin=U3-27
Removed Pin From Net: NetName=Z8-2 Pin=U3-30
Removed Pin From Net: NetName=GND Pin=U3-33
Removed Pin From Net: NetName=E8-1 Pin=U4-1
Removed Pin From Net: NetName=+12V Pin=U4-3
Removed Pin From Net: NetName=E-EN Pin=U4-5
Removed Pin From Net: NetName=GND Pin=U4-6
Removed Pin From Net: NetName=+3V3 Pin=U4-11
Removed Pin From Net: NetName=+3V3 Pin=U4-12
Removed Pin From Net: NetName=E-STEP Pin=U4-17
Removed Pin From Net: NetName=+3V3 Pin=U4-18
Removed Pin From Net: NetName=GND Pin=U4-19
Removed Pin From Net: NetName=E-DIR Pin=U4-20
Removed Pin From Net: NetName=+12V Pin=U4-22
Removed Pin From Net: NetName=E8-4 Pin=U4-24
Removed Pin From Net: NetName=E8-3 Pin=U4-27
Removed Pin From Net: NetName=E8-2 Pin=U4-30
Removed Pin From Net: NetName=GND Pin=U4-33
Added Room: Name=Connector
